[    48.135] (--) Log file renamed from "/home/ttn/.local/share/xorg/Xorg.pid-1285.log" to "/home/ttn/.local/share/xorg/Xorg.0.log"
[    48.135] 
X.Org X Server 1.19.6
Release Date: 2017-12-20
[    48.135] X Protocol Version 11, Revision 0
[    48.135] Build Operating System: Linux 4.4.0-119-generic x86_64 Ubuntu
[    48.135] Current Operating System: Linux ttn 4.15.0-29-generic #31-Ubuntu SMP Tue Jul 17 15:39:52 UTC 2018 x86_64
[    48.135] Kernel command line: BOOT_IMAGE=/boot/vmlinuz-4.15.0-29-generic root=UUID=51573364-4247-4e21-9a7b-5b1b0fc8d6fa ro quiet splash vt.handoff=1
[    48.135] Build Date: 13 April 2018  08:07:36PM
[    48.135] xorg-server 2:1.19.6-1ubuntu4 (For technical support please see http://www.ubuntu.com/support) 
[    48.135] Current version of pixman: 0.34.0
[    48.135] 	Before reporting problems, check http://wiki.x.org
	to make sure that you have the latest version.
[    48.135] Markers: (--) probed, (**) from config file, (==) default setting,
	(++) from command line, (!!) notice, (II) informational,
	(WW) warning, (EE) error, (NI) not implemented, (??) unknown.
[    48.135] (==) Log file: "/home/ttn/.local/share/xorg/Xorg.0.log", Time: Thu Feb  7 19:42:23 2019
[    48.152] (==) Using system config directory "/usr/share/X11/xorg.conf.d"
[    48.152] (==) No Layout section.  Using the first Screen section.
[    48.152] (==) No screen section available. Using defaults.
[    48.152] (**) |-->Screen "Default Screen Section" (0)
[    48.152] (**) |   |-->Monitor "<default monitor>"
[    48.153] (==) No monitor specified for screen "Default Screen Section".
	Using a default monitor configuration.
[    48.153] (==) Automatically adding devices
[    48.153] (==) Automatically enabling devices
[    48.153] (==) Automatically adding GPU devices
[    48.153] (==) Automatically binding GPU devices
[    48.153] (==) Max clients allowed: 256, resource mask: 0x1fffff
[    48.153] (WW) The directory "/usr/share/fonts/X11/cyrillic" does not exist.
[    48.153] 	Entry deleted from font path.
[    48.153] (WW) The directory "/usr/share/fonts/X11/100dpi/" does not exist.
[    48.153] 	Entry deleted from font path.
[    48.153] (WW) The directory "/usr/share/fonts/X11/75dpi/" does not exist.
[    48.153] 	Entry deleted from font path.
[    48.153] (WW) The directory "/usr/share/fonts/X11/100dpi" does not exist.
[    48.153] 	Entry deleted from font path.
[    48.153] (WW) The directory "/usr/share/fonts/X11/75dpi" does not exist.
[    48.153] 	Entry deleted from font path.
[    48.153] (==) FontPath set to:
	/usr/share/fonts/X11/misc,
	/usr/share/fonts/X11/Type1,
	built-ins
[    48.153] (==) ModulePath set to "/usr/lib/xorg/modules"
[    48.153] (II) The server relies on udev to provide the list of input devices.
	If no devices become available, reconfigure udev or disable AutoAddDevices.
[    48.153] (II) Loader magic: 0x55de90dad020
[    48.153] (II) Module ABI versions:
[    48.153] 	X.Org ANSI C Emulation: 0.4
[    48.153] 	X.Org Video Driver: 23.0
[    48.153] 	X.Org XInput driver : 24.1
[    48.153] 	X.Org Server Extension : 10.0
[    48.154] (++) using VT number 2

[    48.155] (II) systemd-logind: took control of session /org/freedesktop/login1/session/_32
[    48.156] (II) xfree86: Adding drm device (/dev/dri/card0)
[    48.157] (II) systemd-logind: got fd for /dev/dri/card0 226:0 fd 12 paused 0
[    48.158] (--) PCI:*(0:0:2:0) 8086:1616:1025:098a rev 9, Mem @ 0xc0000000/16777216, 0xb0000000/268435456, I/O @ 0x00004000/64, BIOS @ 0x????????/131072
[    48.158] (II) LoadModule: "glx"
[    48.159] (II) Loading /usr/lib/xorg/modules/extensions/libglx.so
[    48.159] (II) Module glx: vendor="X.Org Foundation"
[    48.159] 	compiled for 1.19.6, module version = 1.0.0
[    48.159] 	ABI class: X.Org Server Extension, version 10.0
[    48.159] (==) Matched modesetting as autoconfigured driver 0
[    48.159] (==) Matched fbdev as autoconfigured driver 1
[    48.159] (==) Matched vesa as autoconfigured driver 2
[    48.159] (==) Assigned the driver to the xf86ConfigLayout
[    48.159] (II) LoadModule: "modesetting"
[    48.159] (II) Loading /usr/lib/xorg/modules/drivers/modesetting_drv.so
[    48.160] (II) Module modesetting: vendor="X.Org Foundation"
[    48.160] 	compiled for 1.19.6, module version = 1.19.6
[    48.160] 	Module class: X.Org Video Driver
[    48.160] 	ABI class: X.Org Video Driver, version 23.0
[    48.160] (II) LoadModule: "fbdev"
[    48.160] (II) Loading /usr/lib/xorg/modules/drivers/fbdev_drv.so
[    48.160] (II) Module fbdev: vendor="X.Org Foundation"
[    48.160] 	compiled for 1.19.3, module version = 0.4.4
[    48.160] 	Module class: X.Org Video Driver
[    48.160] 	ABI class: X.Org Video Driver, version 23.0
[    48.160] (II) LoadModule: "vesa"
[    48.160] (II) Loading /usr/lib/xorg/modules/drivers/vesa_drv.so
[    48.160] (II) Module vesa: vendor="X.Org Foundation"
[    48.160] 	compiled for 1.19.3, module version = 2.3.4
[    48.160] 	Module class: X.Org Video Driver
[    48.160] 	ABI class: X.Org Video Driver, version 23.0
[    48.160] (II) modesetting: Driver for Modesetting Kernel Drivers: kms
[    48.160] (II) FBDEV: driver for framebuffer: fbdev
[    48.160] (II) VESA: driver for VESA chipsets: vesa
[    48.160] xf86EnableIOPorts: failed to set IOPL for I/O (Operation not permitted)
[    48.160] (II) modeset(0): using drv /dev/dri/card0
[    48.160] (WW) Falling back to old probe method for fbdev
[    48.160] (II) Loading sub module "fbdevhw"
[    48.160] (II) LoadModule: "fbdevhw"
[    48.160] (II) Loading /usr/lib/xorg/modules/libfbdevhw.so
[    48.160] (II) Module fbdevhw: vendor="X.Org Foundation"
[    48.160] 	compiled for 1.19.6, module version = 0.0.2
[    48.160] 	ABI class: X.Org Video Driver, version 23.0
[    48.160] (EE) open /dev/fb0: Permission denied
[    48.160] (WW) Falling back to old probe method for vesa
[    48.160] (WW) VGA arbiter: cannot open kernel arbiter, no multi-card support
[    48.160] (II) modeset(0): Creating default Display subsection in Screen section
	"Default Screen Section" for depth/fbbpp 24/32
[    48.160] (==) modeset(0): Depth 24, (==) framebuffer bpp 32
[    48.160] (==) modeset(0): RGB weight 888
[    48.160] (==) modeset(0): Default visual is TrueColor
[    48.160] (II) Loading sub module "glamoregl"
[    48.160] (II) LoadModule: "glamoregl"
[    48.160] (II) Loading /usr/lib/xorg/modules/libglamoregl.so
[    48.163] (II) Module glamoregl: vendor="X.Org Foundation"
[    48.163] 	compiled for 1.19.6, module version = 1.0.0
[    48.163] 	ABI class: X.Org ANSI C Emulation, version 0.4
[    48.163] (II) glamor: OpenGL accelerated X.org driver based.
[    48.171] (II) glamor: EGL version 1.4 (DRI2):
[    48.174] (II) modeset(0): glamor initialized
[    48.175] (II) modeset(0): Output eDP-1 has no monitor section
[    48.184] (II) modeset(0): Output HDMI-1 has no monitor section
[    48.184] (II) modeset(0): Output DP-1 has no monitor section
[    48.190] (II) modeset(0): EDID for output eDP-1
[    48.190] (II) modeset(0): Manufacturer: CMN  Model: 15c9  Serial#: 0
[    48.190] (II) modeset(0): Year: 2013  Week: 48
[    48.190] (II) modeset(0): EDID Version: 1.4
[    48.190] (II) modeset(0): Digital Display Input
[    48.190] (II) modeset(0): 6 bits per channel
[    48.190] (II) modeset(0): Digital interface is DisplayPort
[    48.190] (II) modeset(0): Max Image Size [cm]: horiz.: 34  vert.: 19
[    48.190] (II) modeset(0): Gamma: 2.20
[    48.190] (II) modeset(0): No DPMS capabilities specified
[    48.190] (II) modeset(0): Supported color encodings: RGB 4:4:4 
[    48.190] (II) modeset(0): First detailed timing is preferred mode
[    48.190] (II) modeset(0): Preferred mode is native pixel format and refresh rate
[    48.190] (II) modeset(0): redX: 0.569 redY: 0.332   greenX: 0.328 greenY: 0.581
[    48.190] (II) modeset(0): blueX: 0.159 blueY: 0.141   whiteX: 0.313 whiteY: 0.329
[    48.190] (II) modeset(0): Manufacturer's mask: 0
[    48.190] (II) modeset(0): Supported detailed timing:
[    48.190] (II) modeset(0): clock: 76.4 MHz   Image Size:  344 x 193 mm
[    48.190] (II) modeset(0): h_active: 1366  h_sync: 1434  h_sync_end 1479 h_blank_end 1592 h_border: 0
[    48.190] (II) modeset(0): v_active: 768  v_sync: 772  v_sync_end 779 v_blanking: 800 v_border: 0
[    48.190] (II) modeset(0):  N156BGE-E32
[    48.190] (II) modeset(0):  CMN
[    48.190] (II) modeset(0):  N156BGE-E32
[    48.190] (II) modeset(0): EDID (in hex):
[    48.190] (II) modeset(0): 	00ffffffffffff000daec91500000000
[    48.190] (II) modeset(0): 	301701049522137802c3c59155549428
[    48.190] (II) modeset(0): 	24505400000001010101010101010101
[    48.190] (II) modeset(0): 	010101010101da1d56e250002030442d
[    48.190] (II) modeset(0): 	470058c110000018000000fe004e3135
[    48.190] (II) modeset(0): 	364247452d4533320a20000000fe0043
[    48.190] (II) modeset(0): 	4d4e0a202020202020202020000000fe
[    48.190] (II) modeset(0): 	004e3135364247452d4533320a20004b
[    48.191] (II) modeset(0): Printing probed modes for output eDP-1
[    48.191] (II) modeset(0): Modeline "1366x768"x60.0   76.42  1366 1434 1479 1592  768 772 779 800 -hsync -vsync (48.0 kHz eP)
[    48.191] (II) modeset(0): Modeline "1360x768"x59.8   84.75  1360 1432 1568 1776  768 771 781 798 -hsync +vsync (47.7 kHz d)
[    48.191] (II) modeset(0): Modeline "1360x768"x60.0   72.00  1360 1408 1440 1520  768 771 781 790 +hsync -vsync (47.4 kHz d)
[    48.191] (II) modeset(0): Modeline "1280x720"x120.0  156.12  1280 1376 1512 1744  720 721 724 746 doublescan -hsync +vsync (89.5 kHz d)
[    48.191] (II) modeset(0): Modeline "1280x720"x120.0  120.75  1280 1304 1320 1360  720 721 724 740 doublescan +hsync -vsync (88.8 kHz d)
[    48.191] (II) modeset(0): Modeline "1280x720"x59.9   74.50  1280 1344 1472 1664  720 723 728 748 -hsync +vsync (44.8 kHz d)
[    48.191] (II) modeset(0): Modeline "1280x720"x59.7   63.75  1280 1328 1360 1440  720 723 728 741 +hsync -vsync (44.3 kHz d)
[    48.191] (II) modeset(0): Modeline "1024x768"x120.1  133.47  1024 1100 1212 1400  768 768 770 794 doublescan -hsync +vsync (95.3 kHz d)
[    48.191] (II) modeset(0): Modeline "1024x768"x60.0   65.00  1024 1048 1184 1344  768 771 777 806 -hsync -vsync (48.4 kHz d)
[    48.191] (II) modeset(0): Modeline "960x720"x120.0  117.00  960 1024 1128 1300  720 720 722 750 doublescan -hsync +vsync (90.0 kHz d)
[    48.191] (II) modeset(0): Modeline "928x696"x120.1  109.15  928 976 1088 1264  696 696 698 719 doublescan -hsync +vsync (86.4 kHz d)
[    48.191] (II) modeset(0): Modeline "896x672"x120.0  102.40  896 960 1060 1224  672 672 674 697 doublescan -hsync +vsync (83.7 kHz d)
[    48.191] (II) modeset(0): Modeline "1024x576"x119.9   98.50  1024 1092 1200 1376  576 577 580 597 doublescan -hsync +vsync (71.6 kHz d)
[    48.191] (II) modeset(0): Modeline "1024x576"x119.9   78.38  1024 1048 1064 1104  576 577 580 592 doublescan +hsync -vsync (71.0 kHz d)
[    48.191] (II) modeset(0): Modeline "1024x576"x59.9   46.50  1024 1064 1160 1296  576 579 584 599 -hsync +vsync (35.9 kHz d)
[    48.191] (II) modeset(0): Modeline "1024x576"x59.8   42.00  1024 1072 1104 1184  576 579 584 593 +hsync -vsync (35.5 kHz d)
[    48.191] (II) modeset(0): Modeline "960x600"x119.9   96.62  960 1028 1128 1296  600 601 604 622 doublescan -hsync +vsync (74.6 kHz d)
[    48.191] (II) modeset(0): Modeline "960x600"x120.0   77.00  960 984 1000 1040  600 601 604 617 doublescan +hsync -vsync (74.0 kHz d)
[    48.191] (II) modeset(0): Modeline "960x540"x119.9   86.50  960 1024 1124 1288  540 541 544 560 doublescan -hsync +vsync (67.2 kHz d)
[    48.191] (II) modeset(0): Modeline "960x540"x120.0   69.25  960 984 1000 1040  540 541 544 555 doublescan +hsync -vsync (66.6 kHz d)
[    48.191] (II) modeset(0): Modeline "960x540"x59.6   40.75  960 992 1088 1216  540 543 548 562 -hsync +vsync (33.5 kHz d)
[    48.191] (II) modeset(0): Modeline "960x540"x59.8   37.25  960 1008 1040 1120  540 543 548 556 +hsync -vsync (33.3 kHz d)
[    48.191] (II) modeset(0): Modeline "800x600"x120.0   81.00  800 832 928 1080  600 600 602 625 doublescan +hsync +vsync (75.0 kHz d)
[    48.191] (II) modeset(0): Modeline "800x600"x60.3   40.00  800 840 968 1056  600 601 605 628 +hsync +vsync (37.9 kHz d)
[    48.191] (II) modeset(0): Modeline "800x600"x56.2   36.00  800 824 896 1024  600 601 603 625 +hsync +vsync (35.2 kHz d)
[    48.191] (II) modeset(0): Modeline "840x525"x120.0   73.12  840 892 980 1120  525 526 529 544 doublescan -hsync +vsync (65.3 kHz d)
[    48.191] (II) modeset(0): Modeline "840x525"x119.8   59.50  840 864 880 920  525 526 529 540 doublescan +hsync -vsync (64.7 kHz d)
[    48.191] (II) modeset(0): Modeline "864x486"x59.9   32.50  864 888 968 1072  486 489 494 506 -hsync +vsync (30.3 kHz d)
[    48.191] (II) modeset(0): Modeline "864x486"x59.6   30.50  864 912 944 1024  486 489 494 500 +hsync -vsync (29.8 kHz d)
[    48.191] (II) modeset(0): Modeline "800x512"x120.3   51.56  800 800 828 832  512 512 514 515 doublescan +hsync +vsync (62.0 kHz d)
[    48.191] (II) modeset(0): Modeline "700x525"x120.0   61.00  700 744 820 940  525 526 532 541 doublescan +hsync +vsync (64.9 kHz d)
[    48.191] (II) modeset(0): Modeline "800x450"x119.9   59.12  800 848 928 1056  450 451 454 467 doublescan -hsync +vsync (56.0 kHz d)
[    48.191] (II) modeset(0): Modeline "800x450"x119.6   48.75  800 824 840 880  450 451 454 463 doublescan +hsync -vsync (55.4 kHz d)
[    48.191] (II) modeset(0): Modeline "640x512"x120.0   54.00  640 664 720 844  512 512 514 533 doublescan +hsync +vsync (64.0 kHz d)
[    48.191] (II) modeset(0): Modeline "720x450"x119.8   53.25  720 760 836 952  450 451 454 467 doublescan -hsync +vsync (55.9 kHz d)
[    48.191] (II) modeset(0): Modeline "700x450"x119.9   51.75  700 740 812 924  450 451 456 467 doublescan -hsync +vsync (56.0 kHz d)
[    48.191] (II) modeset(0): Modeline "700x450"x119.8   43.25  700 724 740 780  450 451 456 463 doublescan +hsync -vsync (55.4 kHz d)
[    48.191] (II) modeset(0): Modeline "640x480"x120.0   54.00  640 688 744 900  480 480 482 500 doublescan +hsync +vsync (60.0 kHz d)
[    48.191] (II) modeset(0): Modeline "640x480"x59.9   25.18  640 656 752 800  480 490 492 525 -hsync -vsync (31.5 kHz d)
[    48.191] (II) modeset(0): Modeline "720x405"x59.5   22.50  720 744 808 896  405 408 413 422 -hsync +vsync (25.1 kHz d)
[    48.191] (II) modeset(0): Modeline "720x405"x59.0   21.75  720 768 800 880  405 408 413 419 +hsync -vsync (24.7 kHz d)
[    48.191] (II) modeset(0): Modeline "684x384"x119.8   42.62  684 720 788 892  384 385 390 399 doublescan -hsync +vsync (47.8 kHz d)
[    48.191] (II) modeset(0): Modeline "684x384"x119.7   36.12  684 708 724 764  384 385 390 395 doublescan +hsync -vsync (47.3 kHz d)
[    48.191] (II) modeset(0): Modeline "680x384"x119.6   42.38  680 716 784 888  384 385 390 399 doublescan -hsync +vsync (47.7 kHz d)
[    48.191] (II) modeset(0): Modeline "680x384"x119.9   36.00  680 704 720 760  384 385 390 395 doublescan +hsync -vsync (47.4 kHz d)
[    48.191] (II) modeset(0): Modeline "640x400"x119.8   41.75  640 676 740 840  400 401 404 415 doublescan -hsync +vsync (49.7 kHz d)
[    48.191] (II) modeset(0): Modeline "640x400"x120.0   35.50  640 664 680 720  400 401 404 411 doublescan +hsync -vsync (49.3 kHz d)
[    48.191] (II) modeset(0): Modeline "576x432"x120.1   40.81  576 608 668 760  432 432 434 447 doublescan -hsync +vsync (53.7 kHz d)
[    48.191] (II) modeset(0): Modeline "640x360"x119.7   37.25  640 672 736 832  360 361 364 374 doublescan -hsync +vsync (44.8 kHz d)
[    48.191] (II) modeset(0): Modeline "640x360"x119.7   31.88  640 664 680 720  360 361 364 370 doublescan +hsync -vsync (44.3 kHz d)
[    48.191] (II) modeset(0): Modeline "640x360"x59.8   18.00  640 664 720 800  360 363 368 376 -hsync +vsync (22.5 kHz d)
[    48.191] (II) modeset(0): Modeline "640x360"x59.3   17.75  640 688 720 800  360 363 368 374 +hsync -vsync (22.2 kHz d)
[    48.191] (II) modeset(0): Modeline "512x384"x120.0   32.50  512 524 592 672  384 385 388 403 doublescan -hsync -vsync (48.4 kHz d)
[    48.191] (II) modeset(0): Modeline "512x288"x120.0   23.25  512 532 580 648  288 289 292 299 doublescan -hsync +vsync (35.9 kHz d)
[    48.191] (II) modeset(0): Modeline "512x288"x119.8   21.00  512 536 552 592  288 289 292 296 doublescan +hsync -vsync (35.5 kHz d)
[    48.191] (II) modeset(0): Modeline "480x270"x119.3   20.38  480 496 544 608  270 271 274 281 doublescan -hsync +vsync (33.5 kHz d)
[    48.191] (II) modeset(0): Modeline "480x270"x119.6   18.62  480 504 520 560  270 271 274 278 doublescan +hsync -vsync (33.3 kHz d)
[    48.191] (II) modeset(0): Modeline "400x300"x120.6   20.00  400 420 484 528  300 300 302 314 doublescan +hsync +vsync (37.9 kHz d)
[    48.191] (II) modeset(0): Modeline "400x300"x112.7   18.00  400 412 448 512  300 300 301 312 doublescan +hsync +vsync (35.2 kHz d)
[    48.191] (II) modeset(0): Modeline "432x243"x119.8   16.25  432 444 484 536  243 244 247 253 doublescan -hsync +vsync (30.3 kHz d)
[    48.191] (II) modeset(0): Modeline "432x243"x119.1   15.25  432 456 472 512  243 244 247 250 doublescan +hsync -vsync (29.8 kHz d)
[    48.191] (II) modeset(0): Modeline "320x240"x120.1   12.59  320 328 376 400  240 245 246 262 doublescan -hsync -vsync (31.5 kHz d)
[    48.191] (II) modeset(0): Modeline "360x202"x119.0   11.25  360 372 404 448  202 204 206 211 doublescan -hsync +vsync (25.1 kHz d)
[    48.191] (II) modeset(0): Modeline "360x202"x118.3   10.88  360 384 400 440  202 204 206 209 doublescan +hsync -vsync (24.7 kHz d)
[    48.192] (II) modeset(0): Modeline "320x180"x119.7    9.00  320 332 360 400  180 181 184 188 doublescan -hsync +vsync (22.5 kHz d)
[    48.192] (II) modeset(0): Modeline "320x180"x118.6    8.88  320 344 360 400  180 181 184 187 doublescan +hsync -vsync (22.2 kHz d)
[    48.200] (II) modeset(0): EDID for output HDMI-1
[    48.200] (II) modeset(0): EDID for output DP-1
[    48.200] (II) modeset(0): Output eDP-1 connected
[    48.200] (II) modeset(0): Output HDMI-1 disconnected
[    48.200] (II) modeset(0): Output DP-1 disconnected
[    48.200] (II) modeset(0): Using exact sizes for initial modes
[    48.200] (II) modeset(0): Output eDP-1 using initial mode 1366x768 +0+0
[    48.200] (==) modeset(0): Using gamma correction (1.0, 1.0, 1.0)
[    48.200] (==) modeset(0): DPI set to (96, 96)
[    48.200] (II) Loading sub module "fb"
[    48.200] (II) LoadModule: "fb"
[    48.200] (II) Loading /usr/lib/xorg/modules/libfb.so
[    48.200] (II) Module fb: vendor="X.Org Foundation"
[    48.200] 	compiled for 1.19.6, module version = 1.0.0
[    48.200] 	ABI class: X.Org ANSI C Emulation, version 0.4
[    48.200] (II) UnloadModule: "fbdev"
[    48.200] (II) Unloading fbdev
[    48.200] (II) UnloadSubModule: "fbdevhw"
[    48.200] (II) Unloading fbdevhw
[    48.200] (II) UnloadModule: "vesa"
[    48.200] (II) Unloading vesa
[    48.200] (==) Depth 24 pixmap format is 32 bpp
[    48.264] (==) modeset(0): Backing store enabled
[    48.264] (==) modeset(0): Silken mouse enabled
[    48.264] (II) modeset(0): RandR 1.2 enabled, ignore the following RandR disabled message.
[    48.323] (==) modeset(0): DPMS enabled
[    48.323] (II) modeset(0): [DRI2] Setup complete
[    48.323] (II) modeset(0): [DRI2]   DRI driver: i965
[    48.323] (II) modeset(0): [DRI2]   VDPAU driver: i965
[    48.323] (--) RandR disabled
[    48.341] (II) SELinux: Disabled on system
[    48.346] (II) AIGLX: enabled GLX_MESA_copy_sub_buffer
[    48.346] (II) AIGLX: enabled GLX_ARB_create_context
[    48.346] (II) AIGLX: enabled GLX_ARB_create_context_profile
[    48.346] (II) AIGLX: enabled GLX_EXT_create_context_es{,2}_profile
[    48.346] (II) AIGLX: enabled GLX_INTEL_swap_event
[    48.346] (II) AIGLX: enabled GLX_SGI_swap_control
[    48.346] (II) AIGLX: enabled GLX_EXT_framebuffer_sRGB
[    48.346] (II) AIGLX: enabled GLX_ARB_fbconfig_float
[    48.346] (II) AIGLX: enabled GLX_EXT_fbconfig_packed_float
[    48.346] (II) AIGLX: GLX_EXT_texture_from_pixmap backed by buffer objects
[    48.346] (II) AIGLX: enabled GLX_ARB_create_context_robustness
[    48.347] (II) AIGLX: Loaded and initialized i965
[    48.347] (II) GLX: Initialized DRI2 GL provider for screen 0
[    48.349] (II) modeset(0): Damage tracking initialized
[    48.349] (II) modeset(0): Setting screen physical size to 361 x 203
[    48.376] (II) config/udev: Adding input device Power Button (/dev/input/event3)
[    48.376] (**) Power Button: Applying InputClass "libinput keyboard catchall"
[    48.376] (II) LoadModule: "libinput"
[    48.376] (II) Loading /usr/lib/xorg/modules/input/libinput_drv.so
[    48.377] (II) Module libinput: vendor="X.Org Foundation"
[    48.377] 	compiled for 1.19.6, module version = 0.27.1
[    48.377] 	Module class: X.Org XInput Driver
[    48.377] 	ABI class: X.Org XInput driver, version 24.1
[    48.377] (II) Using input driver 'libinput' for 'Power Button'
[    48.378] (II) systemd-logind: got fd for /dev/input/event3 13:67 fd 21 paused 0
[    48.378] (**) Power Button: always reports core events
[    48.378] (**) Option "Device" "/dev/input/event3"
[    48.378] (**) Option "_source" "server/udev"
[    48.379] (II) event3  - Power Button: is tagged by udev as: Keyboard
[    48.379] (II) event3  - Power Button: device is a keyboard
[    48.379] (II) event3  - Power Button: device removed
[    48.379] (**) Option "config_info" "udev:/sys/devices/LNXSYSTM:00/LNXPWRBN:00/input/input3/event3"
[    48.379] (II) XINPUT: Adding extended input device "Power Button" (type: KEYBOARD, id 6)
[    48.379] (**) Option "xkb_model" "pc105"
[    48.379] (**) Option "xkb_layout" "us"
[    48.380] (II) event3  - Power Button: is tagged by udev as: Keyboard
[    48.380] (II) event3  - Power Button: device is a keyboard
[    48.380] (II) config/udev: Adding input device Video Bus (/dev/input/event5)
[    48.380] (**) Video Bus: Applying InputClass "libinput keyboard catchall"
[    48.380] (II) Using input driver 'libinput' for 'Video Bus'
[    48.381] (II) systemd-logind: got fd for /dev/input/event5 13:69 fd 24 paused 0
[    48.381] (**) Video Bus: always reports core events
[    48.381] (**) Option "Device" "/dev/input/event5"
[    48.381] (**) Option "_source" "server/udev"
[    48.381] (II) event5  - Video Bus: is tagged by udev as: Keyboard
[    48.381] (II) event5  - Video Bus: device is a keyboard
[    48.381] (II) event5  - Video Bus: device removed
[    48.381] (**) Option "config_info" "udev:/sys/devices/LNXSYSTM:00/LNXSYBUS:00/PNP0A08:00/LNXVIDEO:00/input/input7/event5"
[    48.381] (II) XINPUT: Adding extended input device "Video Bus" (type: KEYBOARD, id 7)
[    48.381] (**) Option "xkb_model" "pc105"
[    48.381] (**) Option "xkb_layout" "us"
[    48.382] (II) event5  - Video Bus: is tagged by udev as: Keyboard
[    48.382] (II) event5  - Video Bus: device is a keyboard
[    48.382] (II) config/udev: Adding input device Power Button (/dev/input/event0)
[    48.382] (**) Power Button: Applying InputClass "libinput keyboard catchall"
[    48.382] (II) Using input driver 'libinput' for 'Power Button'
[    48.383] (II) systemd-logind: got fd for /dev/input/event0 13:64 fd 25 paused 0
[    48.383] (**) Power Button: always reports core events
[    48.383] (**) Option "Device" "/dev/input/event0"
[    48.383] (**) Option "_source" "server/udev"
[    48.383] (II) event0  - Power Button: is tagged by udev as: Keyboard
[    48.383] (II) event0  - Power Button: device is a keyboard
[    48.383] (II) event0  - Power Button: device removed
[    48.384] (**) Option "config_info" "udev:/sys/devices/LNXSYSTM:00/LNXSYBUS:00/PNP0C0C:00/input/input0/event0"
[    48.384] (II) XINPUT: Adding extended input device "Power Button" (type: KEYBOARD, id 8)
[    48.384] (**) Option "xkb_model" "pc105"
[    48.384] (**) Option "xkb_layout" "us"
[    48.384] (II) event0  - Power Button: is tagged by udev as: Keyboard
[    48.384] (II) event0  - Power Button: device is a keyboard
[    48.385] (II) config/udev: Adding input device Lid Switch (/dev/input/event2)
[    48.385] (II) No input driver specified, ignoring this device.
[    48.385] (II) This device may have been added with another device file.
[    48.385] (II) config/udev: Adding input device Sleep Button (/dev/input/event1)
[    48.385] (**) Sleep Button: Applying InputClass "libinput keyboard catchall"
[    48.385] (II) Using input driver 'libinput' for 'Sleep Button'
[    48.386] (II) systemd-logind: got fd for /dev/input/event1 13:65 fd 26 paused 0
[    48.386] (**) Sleep Button: always reports core events
[    48.386] (**) Option "Device" "/dev/input/event1"
[    48.386] (**) Option "_source" "server/udev"
[    48.386] (II) event1  - Sleep Button: is tagged by udev as: Keyboard
[    48.386] (II) event1  - Sleep Button: device is a keyboard
[    48.386] (II) event1  - Sleep Button: device removed
[    48.386] (**) Option "config_info" "udev:/sys/devices/LNXSYSTM:00/LNXSYBUS:00/PNP0C0E:00/input/input1/event1"
[    48.386] (II) XINPUT: Adding extended input device "Sleep Button" (type: KEYBOARD, id 9)
[    48.386] (**) Option "xkb_model" "pc105"
[    48.386] (**) Option "xkb_layout" "us"
[    48.387] (II) event1  - Sleep Button: is tagged by udev as: Keyboard
[    48.387] (II) event1  - Sleep Button: device is a keyboard
[    48.387] (II) config/udev: Adding input device HDA Intel HDMI HDMI/DP,pcm=7 (/dev/input/event9)
[    48.387] (II) No input driver specified, ignoring this device.
[    48.387] (II) This device may have been added with another device file.
[    48.388] (II) config/udev: Adding input device HDA Intel HDMI HDMI/DP,pcm=8 (/dev/input/event10)
[    48.388] (II) No input driver specified, ignoring this device.
[    48.388] (II) This device may have been added with another device file.
[    48.388] (II) config/udev: Adding input device HDA Intel HDMI HDMI/DP,pcm=9 (/dev/input/event11)
[    48.388] (II) No input driver specified, ignoring this device.
[    48.388] (II) This device may have been added with another device file.
[    48.388] (II) config/udev: Adding input device HDA Intel HDMI HDMI/DP,pcm=10 (/dev/input/event12)
[    48.388] (II) No input driver specified, ignoring this device.
[    48.388] (II) This device may have been added with another device file.
[    48.389] (II) config/udev: Adding input device HDA Intel HDMI HDMI/DP,pcm=3 (/dev/input/event8)
[    48.389] (II) No input driver specified, ignoring this device.
[    48.389] (II) This device may have been added with another device file.
[    48.389] (II) config/udev: Adding input device HD WebCam: HD WebCam (/dev/input/event14)
[    48.389] (**) HD WebCam: HD WebCam: Applying InputClass "libinput keyboard catchall"
[    48.389] (II) Using input driver 'libinput' for 'HD WebCam: HD WebCam'
[    48.390] (II) systemd-logind: got fd for /dev/input/event14 13:78 fd 27 paused 0
[    48.390] (**) HD WebCam: HD WebCam: always reports core events
[    48.390] (**) Option "Device" "/dev/input/event14"
[    48.390] (**) Option "_source" "server/udev"
[    48.390] (II) event14 - HD WebCam: HD WebCam: is tagged by udev as: Keyboard
[    48.390] (II) event14 - HD WebCam: HD WebCam: device is a keyboard
[    48.390] (II) event14 - HD WebCam: HD WebCam: device removed
[    48.390] (**) Option "config_info" "udev:/sys/devices/pci0000:00/0000:00:14.0/usb2/2-7/2-7:1.0/input/input15/event14"
[    48.390] (II) XINPUT: Adding extended input device "HD WebCam: HD WebCam" (type: KEYBOARD, id 10)
[    48.390] (**) Option "xkb_model" "pc105"
[    48.390] (**) Option "xkb_layout" "us"
[    48.391] (II) event14 - HD WebCam: HD WebCam: is tagged by udev as: Keyboard
[    48.391] (II) event14 - HD WebCam: HD WebCam: device is a keyboard
[    48.391] (II) config/udev: Adding input device HDA Intel PCH Front Headphone (/dev/input/event13)
[    48.391] (II) No input driver specified, ignoring this device.
[    48.391] (II) This device may have been added with another device file.
[    48.392] (II) config/udev: Adding input device AT Translated Set 2 keyboard (/dev/input/event4)
[    48.392] (**) AT Translated Set 2 keyboard: Applying InputClass "libinput keyboard catchall"
[    48.392] (II) Using input driver 'libinput' for 'AT Translated Set 2 keyboard'
[    48.393] (II) systemd-logind: got fd for /dev/input/event4 13:68 fd 28 paused 0
[    48.393] (**) AT Translated Set 2 keyboard: always reports core events
[    48.393] (**) Option "Device" "/dev/input/event4"
[    48.393] (**) Option "_source" "server/udev"
[    48.393] (II) event4  - AT Translated Set 2 keyboard: is tagged by udev as: Keyboard
[    48.393] (II) event4  - AT Translated Set 2 keyboard: device is a keyboard
[    48.393] (II) event4  - AT Translated Set 2 keyboard: device removed
[    48.393] (**) Option "config_info" "udev:/sys/devices/platform/i8042/serio0/input/input4/event4"
[    48.393] (II) XINPUT: Adding extended input device "AT Translated Set 2 keyboard" (type: KEYBOARD, id 11)
[    48.393] (**) Option "xkb_model" "pc105"
[    48.393] (**) Option "xkb_layout" "us"
[    48.394] (II) event4  - AT Translated Set 2 keyboard: is tagged by udev as: Keyboard
[    48.394] (II) event4  - AT Translated Set 2 keyboard: device is a keyboard
[    48.394] (II) config/udev: Adding input device ETPS/2 Elantech Touchpad (/dev/input/event6)
[    48.394] (**) ETPS/2 Elantech Touchpad: Applying InputClass "libinput touchpad catchall"
[    48.394] (II) Using input driver 'libinput' for 'ETPS/2 Elantech Touchpad'
[    48.395] (II) systemd-logind: got fd for /dev/input/event6 13:70 fd 29 paused 0
[    48.395] (**) ETPS/2 Elantech Touchpad: always reports core events
[    48.395] (**) Option "Device" "/dev/input/event6"
[    48.395] (**) Option "_source" "server/udev"
[    48.395] (II) event6  - ETPS/2 Elantech Touchpad: is tagged by udev as: Touchpad
[    48.395] (II) event6  - ETPS/2 Elantech Touchpad: device is a touchpad
[    48.395] (II) event6  - ETPS/2 Elantech Touchpad: device removed
[    48.395] (**) Option "config_info" "udev:/sys/devices/platform/i8042/serio1/input/input6/event6"
[    48.396] (II) XINPUT: Adding extended input device "ETPS/2 Elantech Touchpad" (type: TOUCHPAD, id 12)
[    48.396] (**) Option "AccelerationScheme" "none"
[    48.396] (**) ETPS/2 Elantech Touchpad: (accel) selected scheme none/0
[    48.396] (**) ETPS/2 Elantech Touchpad: (accel) acceleration factor: 2.000
[    48.396] (**) ETPS/2 Elantech Touchpad: (accel) acceleration threshold: 4
[    48.396] (II) event6  - ETPS/2 Elantech Touchpad: is tagged by udev as: Touchpad
[    48.396] (II) event6  - ETPS/2 Elantech Touchpad: device is a touchpad
[    48.396] (II) config/udev: Adding input device ETPS/2 Elantech Touchpad (/dev/input/mouse0)
[    48.396] (II) No input driver specified, ignoring this device.
[    48.396] (II) This device may have been added with another device file.
[    48.398] (II) config/udev: Adding input device Acer WMI hotkeys (/dev/input/event7)
[    48.398] (**) Acer WMI hotkeys: Applying InputClass "libinput keyboard catchall"
[    48.398] (II) Using input driver 'libinput' for 'Acer WMI hotkeys'
[    48.399] (II) systemd-logind: got fd for /dev/input/event7 13:71 fd 30 paused 0
[    48.399] (**) Acer WMI hotkeys: always reports core events
[    48.399] (**) Option "Device" "/dev/input/event7"
[    48.399] (**) Option "_source" "server/udev"
[    48.399] (II) event7  - Acer WMI hotkeys: is tagged by udev as: Keyboard
[    48.399] (II) event7  - Acer WMI hotkeys: device is a keyboard
[    48.399] (II) event7  - Acer WMI hotkeys: device removed
[    48.399] (**) Option "config_info" "udev:/sys/devices/virtual/input/input8/event7"
[    48.399] (II) XINPUT: Adding extended input device "Acer WMI hotkeys" (type: KEYBOARD, id 13)
[    48.399] (**) Option "xkb_model" "pc105"
[    48.399] (**) Option "xkb_layout" "us"
[    48.400] (II) event7  - Acer WMI hotkeys: is tagged by udev as: Keyboard
[    48.400] (II) event7  - Acer WMI hotkeys: device is a keyboard
[    48.959] (II) modeset(0): EDID vendor "CMN", prod id 5577
[    48.959] (II) modeset(0): Printing DDC gathered Modelines:
[    48.959] (II) modeset(0): Modeline "1366x768"x0.0   76.42  1366 1434 1479 1592  768 772 779 800 -hsync -vsync (48.0 kHz eP)
[ 15724.526] (EE) client bug: timer event6 tap: offset negative (-38ms)
[ 15724.526] (EE) client bug: timer event6 tap: offset negative (-24ms)
[ 25519.414] (EE) event6  - ETPS/2 Elantech Touchpad: libinput bug: invalid tap event TAP_EVENT_PALM in state TAP_STATE_TAPPED
